<?xml version="1.0" encoding="UTF-8"?>
<!-- Generated by org.testng.reporters.JUnitXMLReporter -->
<testsuite hostname="Sogotology-pc" ignored="0" name="Default test" tests="3" failures="0" timestamp="2022-01-04T08:31:45 CST" time="68.128" errors="0">
  <testcase name="userShouldBeAbleToAddNewItem" time="6.848" classname="test.AddNewItemPageTest"/>
  <testcase name="userShouldNotBeAbleToAddADuplicateItem" time="5.914" classname="test.AddNewItemPageTest"/>
  <testcase name="userShouldBeAbleToSelectAllMonths" time="27.305" classname="test.AddNewItemPageTest"/>
</testsuite> <!-- Default test -->
